nohup: 忽略输入
[[1;34mINFO[m] Scanning for projects...
[[1;34mINFO[m] 
[[1;34mINFO[m] [1m---------------------< [0;36mcom.zjsu:course-management[0;1m >---------------------[m
[[1;34mINFO[m] [1mBuilding course-management 1.0.0[m
[[1;34mINFO[m] [1m--------------------------------[ jar ]---------------------------------[m
[[1;34mINFO[m] 
[[1;34mINFO[m] [1m>>> [0;32mspring-boot-maven-plugin:2.7.18:run[m [1m(default-cli)[0;1m > [0;1mtest-compile[m @ [36mcourse-management[0;1m >>>[m
[[1;33mWARNING[m] The artifact mysql:mysql-connector-java:jar:8.0.33 has been relocated to com.mysql:mysql-connector-j:jar:8.0.33: MySQL Connector/J artifacts moved to reverse-DNS compliant Maven 2+ coordinates.
[[1;34mINFO[m] 
[[1;34mINFO[m] [1m--- [0;32mmaven-resources-plugin:3.2.0:resources[m [1m(default-resources)[m @ [36mcourse-management[0;1m ---[m
[[1;34mINFO[m] Using 'UTF-8' encoding to copy filtered resources.
[[1;34mINFO[m] Using 'UTF-8' encoding to copy filtered properties files.
[[1;34mINFO[m] Copying 3 resources
[[1;34mINFO[m] Copying 2 resources
[[1;34mINFO[m] 
[[1;34mINFO[m] [1m--- [0;32mmaven-compiler-plugin:3.10.1:compile[m [1m(default-compile)[m @ [36mcourse-management[0;1m ---[m
[[1;34mINFO[m] Nothing to compile - all classes are up to date
[[1;34mINFO[m] 
[[1;34mINFO[m] [1m--- [0;32mmaven-resources-plugin:3.2.0:testResources[m [1m(default-testResources)[m @ [36mcourse-management[0;1m ---[m
[[1;34mINFO[m] Using 'UTF-8' encoding to copy filtered resources.
[[1;34mINFO[m] Using 'UTF-8' encoding to copy filtered properties files.
[[1;34mINFO[m] skip non existing resourceDirectory /home/u1/桌面/course-cloud/catalog-service/src/test/resources
[[1;34mINFO[m] 
[[1;34mINFO[m] [1m--- [0;32mmaven-compiler-plugin:3.10.1:testCompile[m [1m(default-testCompile)[m @ [36mcourse-management[0;1m ---[m
[[1;34mINFO[m] No sources to compile
[[1;34mINFO[m] 
[[1;34mINFO[m] [1m<<< [0;32mspring-boot-maven-plugin:2.7.18:run[m [1m(default-cli)[0;1m < [0;1mtest-compile[m @ [36mcourse-management[0;1m <<<[m
[[1;34mINFO[m] 
[[1;34mINFO[m] 
[[1;34mINFO[m] [1m--- [0;32mspring-boot-maven-plugin:2.7.18:run[m [1m(default-cli)[m @ [36mcourse-management[0;1m ---[m
[[1;34mINFO[m] Attaching agents: []

  .   ____          _            __ _ _
 /\\ / ___'_ __ _ _(_)_ __  __ _ \ \ \ \
( ( )\___ | '_ | '_| | '_ \/ _` | \ \ \ \
 \\/  ___)| |_)| | | | | || (_| |  ) ) ) )
  '  |____| .__|_| |_|_| |_\__, | / / / /
 =========|_|==============|___/=/_/_/_/
 :: Spring Boot ::               (v2.7.18)

2025-11-20 10:21:36.224  INFO 100747 --- [           main] com.zjsu.course.CourseApplication        : Starting CourseApplication using Java 21.0.8 on u1-VB with PID 100747 (/home/u1/桌面/course-cloud/catalog-service/target/classes started by u1 in /home/u1/桌面/course-cloud/catalog-service)
2025-11-20 10:21:36.236 DEBUG 100747 --- [           main] com.zjsu.course.CourseApplication        : Running with Spring Boot v2.7.18, Spring v5.3.31
2025-11-20 10:21:36.236  INFO 100747 --- [           main] com.zjsu.course.CourseApplication        : The following 1 profile is active: "dev"
2025-11-20 10:21:41.974  INFO 100747 --- [           main] .s.d.r.c.RepositoryConfigurationDelegate : Bootstrapping Spring Data JPA repositories in DEFAULT mode.
2025-11-20 10:21:42.442  INFO 100747 --- [           main] .s.d.r.c.RepositoryConfigurationDelegate : Finished Spring Data repository scanning in 401 ms. Found 3 JPA repository interfaces.
2025-11-20 10:21:46.704  INFO 100747 --- [           main] o.s.b.w.embedded.tomcat.TomcatWebServer  : Tomcat initialized with port(s): 8085 (http)
2025-11-20 10:21:46.788  INFO 100747 --- [           main] o.apache.catalina.core.StandardService   : Starting service [Tomcat]
2025-11-20 10:21:46.789  INFO 100747 --- [           main] org.apache.catalina.core.StandardEngine  : Starting Servlet engine: [Apache Tomcat/9.0.83]
2025-11-20 10:21:47.168  INFO 100747 --- [           main] o.a.c.c.C.[Tomcat].[localhost].[/]       : Initializing Spring embedded WebApplicationContext
2025-11-20 10:21:47.169  INFO 100747 --- [           main] w.s.c.ServletWebServerApplicationContext : Root WebApplicationContext: initialization completed in 10734 ms
2025-11-20 10:21:47.283  INFO 100747 --- [           main] com.zaxxer.hikari.HikariDataSource       : HikariPool-1 - Starting...
2025-11-20 10:21:48.447  INFO 100747 --- [           main] com.zaxxer.hikari.HikariDataSource       : HikariPool-1 - Start completed.
2025-11-20 10:21:48.459  INFO 100747 --- [           main] o.s.b.a.h2.H2ConsoleAutoConfiguration    : H2 console available at '/h2-console'. Database available at 'jdbc:h2:mem:course_db'
2025-11-20 10:21:48.498  INFO 100747 --- [           main] o.s.boot.web.servlet.RegistrationBean    : Servlet webServlet was not registered (possibly already registered?)
2025-11-20 10:21:48.970  INFO 100747 --- [           main] o.hibernate.jpa.internal.util.LogHelper  : HHH000204: Processing PersistenceUnitInfo [name: default]
2025-11-20 10:21:49.084  INFO 100747 --- [           main] org.hibernate.Version                    : HHH000412: Hibernate ORM core version 5.6.15.Final
2025-11-20 10:21:50.927  INFO 100747 --- [           main] o.hibernate.annotations.common.Version   : HCANN000001: Hibernate Commons Annotations {5.1.2.Final}
2025-11-20 10:21:52.992  INFO 100747 --- [           main] org.hibernate.dialect.Dialect            : HHH000400: Using dialect: org.hibernate.dialect.H2Dialect
2025-11-20 10:21:59.569 DEBUG 100747 --- [           main] org.hibernate.SQL                        : create table courses (id varchar(64) not null, capacity integer, code varchar(255) not null, created_at timestamp, enrolled integer, instructor_email varchar(255), instructor_id varchar(255), instructor_name varchar(255), schedule_day_of_week varchar(255), schedule_end_time varchar(255), schedule_expected_attendance integer, schedule_start_time varchar(255), title varchar(255), primary key (id))
Hibernate: create table courses (id varchar(64) not null, capacity integer, code varchar(255) not null, created_at timestamp, enrolled integer, instructor_email varchar(255), instructor_id varchar(255), instructor_name varchar(255), schedule_day_of_week varchar(255), schedule_end_time varchar(255), schedule_expected_attendance integer, schedule_start_time varchar(255), title varchar(255), primary key (id))
2025-11-20 10:21:59.587 DEBUG 100747 --- [           main] org.hibernate.SQL                        : create table enrollments (id varchar(64) not null, course_id varchar(255) not null, enrolled_at timestamp, status varchar(255), student_id varchar(255) not null, primary key (id))
Hibernate: create table enrollments (id varchar(64) not null, course_id varchar(255) not null, enrolled_at timestamp, status varchar(255), student_id varchar(255) not null, primary key (id))
2025-11-20 10:21:59.595 DEBUG 100747 --- [           main] org.hibernate.SQL                        : create table students (id varchar(64) not null, created_at timestamp, email varchar(255) not null, grade integer, major varchar(255), name varchar(255), student_id varchar(255) not null, updated_at timestamp, primary key (id))
Hibernate: create table students (id varchar(64) not null, created_at timestamp, email varchar(255) not null, grade integer, major varchar(255), name varchar(255), student_id varchar(255) not null, updated_at timestamp, primary key (id))
2025-11-20 10:21:59.602 DEBUG 100747 --- [           main] org.hibernate.SQL                        : alter table courses drop constraint if exists UK_61og8rbqdd2y28rx2et5fdnxd
Hibernate: alter table courses drop constraint if exists UK_61og8rbqdd2y28rx2et5fdnxd
2025-11-20 10:21:59.603 DEBUG 100747 --- [           main] org.hibernate.SQL                        : alter table courses add constraint UK_61og8rbqdd2y28rx2et5fdnxd unique (code)
Hibernate: alter table courses add constraint UK_61og8rbqdd2y28rx2et5fdnxd unique (code)
2025-11-20 10:21:59.604 DEBUG 100747 --- [           main] org.hibernate.SQL                        : alter table enrollments drop constraint if exists UKi0g6mfijtuh199nj653nva6j5
Hibernate: alter table enrollments drop constraint if exists UKi0g6mfijtuh199nj653nva6j5
2025-11-20 10:21:59.619 DEBUG 100747 --- [           main] org.hibernate.SQL                        : alter table enrollments add constraint UKi0g6mfijtuh199nj653nva6j5 unique (course_id, student_id)
Hibernate: alter table enrollments add constraint UKi0g6mfijtuh199nj653nva6j5 unique (course_id, student_id)
2025-11-20 10:21:59.622 DEBUG 100747 --- [           main] org.hibernate.SQL                        : alter table students drop constraint if exists UK_e2rndfrsx22acpq2ty1caeuyw
Hibernate: alter table students drop constraint if exists UK_e2rndfrsx22acpq2ty1caeuyw
2025-11-20 10:21:59.626 DEBUG 100747 --- [           main] org.hibernate.SQL                        : alter table students add constraint UK_e2rndfrsx22acpq2ty1caeuyw unique (email)
Hibernate: alter table students add constraint UK_e2rndfrsx22acpq2ty1caeuyw unique (email)
2025-11-20 10:21:59.627 DEBUG 100747 --- [           main] org.hibernate.SQL                        : alter table students drop constraint if exists UK_5mbus2m1tm2acucrp6t627jmx
Hibernate: alter table students drop constraint if exists UK_5mbus2m1tm2acucrp6t627jmx
2025-11-20 10:21:59.631 DEBUG 100747 --- [           main] org.hibernate.SQL                        : alter table students add constraint UK_5mbus2m1tm2acucrp6t627jmx unique (student_id)
Hibernate: alter table students add constraint UK_5mbus2m1tm2acucrp6t627jmx unique (student_id)
2025-11-20 10:21:59.637  INFO 100747 --- [           main] o.h.e.t.j.p.i.JtaPlatformInitiator       : HHH000490: Using JtaPlatform implementation: [org.hibernate.engine.transaction.jta.platform.internal.NoJtaPlatform]
2025-11-20 10:21:59.888  INFO 100747 --- [           main] j.LocalContainerEntityManagerFactoryBean : Initialized JPA EntityManagerFactory for persistence unit 'default'
2025-11-20 10:22:06.176  WARN 100747 --- [           main] JpaBaseConfiguration$JpaWebConfiguration : spring.jpa.open-in-view is enabled by default. Therefore, database queries may be performed during view rendering. Explicitly configure spring.jpa.open-in-view to disable this warning
2025-11-20 10:22:06.537 DEBUG 100747 --- [           main] s.w.s.m.m.a.RequestMappingHandlerAdapter : ControllerAdvice beans: 0 @ModelAttribute, 0 @InitBinder, 1 RequestBodyAdvice, 1 ResponseBodyAdvice
2025-11-20 10:22:07.375 DEBUG 100747 --- [           main] s.w.s.m.m.a.RequestMappingHandlerMapping : 19 mappings in 'requestMappingHandlerMapping'
2025-11-20 10:22:07.539 DEBUG 100747 --- [           main] o.s.w.s.handler.SimpleUrlHandlerMapping  : Patterns [/webjars/**, /**] in 'resourceHandlerMapping'
2025-11-20 10:22:07.619 DEBUG 100747 --- [           main] .m.m.a.ExceptionHandlerExceptionResolver : ControllerAdvice beans: 1 @ExceptionHandler, 1 ResponseBodyAdvice
2025-11-20 10:22:08.376  WARN 100747 --- [           main] ConfigServletWebServerApplicationContext : Exception encountered during context initialization - cancelling refresh attempt: org.springframework.context.ApplicationContextException: Failed to start bean 'webServerStartStop'; nested exception is org.springframework.boot.we2025-11-20 10:24:01.634  INFO 100487 --- [nio-8085-exec-1] o.a.c.c.C.[Tomcat].[localhost].[/]       : Initializing Spring DispatcherServlet 'dispatcherServlet'
2025-11-20 10:24:01.636  INFO 100487 --- [nio-8085-exec-1] o.s.web.servlet.DispatcherServlet        : Initializing Servlet 'dispatcherServlet'
2025-11-20 10:24:01.639 DEBUG 100487 --- [nio-8085-exec-1] o.s.web.servlet.DispatcherServlet        : Detected StandardServletMultipartResolver
2025-11-20 10:24:01.639 DEBUG 100487 --- [nio-8085-exec-1] o.s.web.servlet.DispatcherServlet        : Detected AcceptHeaderLocaleResolver
2025-11-20 10:24:01.640 DEBUG 100487 --- [nio-8085-exec-1] o.s.web.servlet.DispatcherServlet        : Detected FixedThemeResolver
2025-11-20 10:24:01.674 DEBUG 100487 --- [nio-8085-exec-1] o.s.web.servlet.DispatcherServlet        : Detected org.springframework.web.servlet.view.DefaultRequestToViewNameTranslator@261609a7
2025-11-20 10:24:01.675 DEBUG 100487 --- [nio-8085-exec-1] o.s.web.servlet.DispatcherServlet        : Detected org.springframework.web.servlet.support.SessionFlashMapManager@7fcbc336
2025-11-20 10:24:01.675 DEBUG 100487 --- [nio-8085-exec-1] o.s.web.servlet.DispatcherServlet        : enableLoggingRequestDetails='false': request parameters and headers will be masked to prevent unsafe logging of potentially sensitive data
2025-11-20 10:24:01.675  INFO 100487 --- [nio-8085-exec-1] o.s.web.servlet.DispatcherServlet        : Completed initialization in 38 ms
2025-11-20 10:24:01.707 DEBUG 100487 --- [nio-8085-exec-1] o.s.web.servlet.DispatcherServlet        : GET "/actuator/health", parameters={}
2025-11-20 10:24:01.760 DEBUG 100487 --- [nio-8085-exec-1] o.s.w.s.handler.SimpleUrlHandlerMapping  : Mapped to ResourceHttpRequestHandler [classpath [META-INF/resources/], classpath [resources/], classpath [static/], classpath [public/], ServletContext [/]]
2025-11-20 10:24:01.790 DEBUG 100487 --- [nio-8085-exec-1] o.s.w.s.r.ResourceHttpRequestHandler     : Resource not found
2025-11-20 10:24:01.792 DEBUG 100487 --- [nio-8085-exec-1] o.s.web.servlet.DispatcherServlet        : Completed 404 NOT_FOUND
2025-11-20 10:24:01.807 DEBUG 100487 --- [nio-8085-exec-1] o.s.web.servlet.DispatcherServlet        : "ERROR" dispatch for GET "/error", parameters={}
2025-11-20 10:24:01.819 DEBUG 100487 --- [nio-8085-exec-1] s.w.s.m.m.a.RequestMappingHandlerMapping : Mapped to org.springframework.boot.autoconfigure.web.servlet.error.BasicErrorController#error(HttpServletRequest)
2025-11-20 10:24:01.991 DEBUG 100487 --- [nio-8085-exec-1] o.s.w.s.m.m.a.HttpEntityMethodProcessor  : Using 'application/json', given [*/*] and supported [application/json, application/*+json, application/json, application/*+json]
2025-11-20 10:24:02.024 DEBUG 100487 --- [nio-8085-exec-1] o.s.w.s.m.m.a.HttpEntityMethodProcessor  : Writing [{timestamp=Thu Nov 20 10:24:01 CST 2025, status=404, error=Not Found, path=/actuator/health}]
2025-11-20 10:24:02.159 DEBUG 100487 --- [nio-8085-exec-1] o.s.web.servlet.DispatcherServlet        : Exiting from "ERROR" dispatch, status 404
2025-11-20 10:24:17.547 DEBUG 100487 --- [nio-8085-exec-3] o.s.web.servlet.DispatcherServlet        : GET "/api/courses", parameters={}
2025-11-20 10:24:17.550 DEBUG 100487 --- [nio-8085-exec-3] s.w.s.m.m.a.RequestMappingHandlerMapping : Mapped to com.zjsu.course.controller.CourseController#getAllCourses()
2025-11-20 10:24:17.815 DEBUG 100487 --- [nio-8085-exec-3] org.hibernate.SQL                        : select course0_.id as id1_0_, course0_.capacity as capacity2_0_, course0_.code as code3_0_, course0_.created_at as created_4_0_, course0_.enrolled as enrolled5_0_, course0_.instructor_email as instruct6_0_, course0_.instructor_id as instruct7_0_, course0_.instructor_name as instruct8_0_, course0_.schedule_day_of_week as schedule9_0_, course0_.schedule_end_time as schedul10_0_, course0_.schedule_expected_attendance as schedul11_0_, course0_.schedule_start_time as schedul12_0_, course0_.title as title13_0_ from courses course0_
Hibernate: select course0_.id as id1_0_, course0_.capacity as capacity2_0_, course0_.code as code3_0_, course0_.created_at as created_4_0_, course0_.enrolled as enrolled5_0_, course0_.instructor_email as instruct6_0_, course0_.instructor_id as instruct7_0_, course0_.instructor_name as instruct8_0_, course0_.schedule_day_of_week as schedule9_0_, course0_.schedule_end_time as schedul10_0_, course0_.schedule_expected_attendance as schedul11_0_, course0_.schedule_start_time as schedul12_0_, course0_.title as title13_0_ from courses course0_
2025-11-20 10:24:17.889 DEBUG 100487 --- [nio-8085-exec-3] o.s.w.s.m.m.a.HttpEntityMethodProcessor  : Using 'application/json', given [*/*] and supported [application/json, application/*+json, application/json, application/*+json]
2025-11-20 10:24:17.890 DEBUG 100487 --- [nio-8085-exec-3] o.s.w.s.m.m.a.HttpEntityMethodProcessor  : Writing [com.zjsu.course.common.ApiResponse@3f1f66b7]
2025-11-20 10:24:17.895 DEBUG 100487 --- [nio-8085-exec-3] o.s.web.servlet.DispatcherServlet        : Completed 200 OK
2025-11-20 10:25:12.271 DEBUG 100487 --- [nio-8085-exec-5] o.s.web.servlet.DispatcherServlet        : GET "/", parameters={}
2025-11-20 10:25:12.273 DEBUG 100487 --- [nio-8085-exec-5] o.s.w.s.handler.SimpleUrlHandlerMapping  : Mapped to ResourceHttpRequestHandler [classpath [META-INF/resources/], classpath [resources/], classpath [static/], classpath [public/], ServletContext [/]]
2025-11-20 10:25:12.274 DEBUG 100487 --- [nio-8085-exec-5] o.s.w.s.r.ResourceHttpRequestHandler     : Resource not found
2025-11-20 10:25:12.276 DEBUG 100487 --- [nio-8085-exec-5] o.s.web.servlet.DispatcherServlet        : Completed 404 NOT_FOUND
2025-11-20 10:25:12.280 DEBUG 100487 --- [nio-8085-exec-5] o.s.web.servlet.DispatcherServlet        : "ERROR" dispatch for GET "/error", parameters={}
2025-11-20 10:25:12.292 DEBUG 100487 --- [nio-8085-exec-5] s.w.s.m.m.a.RequestMappingHandlerMapping : Mapped to org.springframework.boot.autoconfigure.web.servlet.error.BasicErrorController#errorHtml(HttpServletRequest, HttpServletResponse)
2025-11-20 10:25:12.514 DEBUG 100487 --- [nio-8085-exec-5] o.s.w.s.v.ContentNegotiatingViewResolver : Selected 'text/html' given [text/html, text/html;q=0.8]
2025-11-20 10:25:12.535 DEBUG 100487 --- [nio-8085-exec-5] o.s.web.servlet.DispatcherServlet        : Exiting from "ERROR" dispatch, status 404
2025-11-20 10:25:12.616 DEBUG 100487 --- [nio-8085-exec-8] o.s.web.servlet.DispatcherServlet        : GET "/favicon.ico", parameters={}
2025-11-20 10:25:12.618 DEBUG 100487 --- [nio-8085-exec-8] o.s.w.s.handler.SimpleUrlHandlerMapping  : Mapped to ResourceHttpRequestHandler [classpath [META-INF/resources/], classpath [resources/], classpath [static/], classpath [public/], ServletContext [/]]
2025-11-20 10:25:12.621 DEBUG 100487 --- [nio-8085-exec-8] o.s.w.s.r.ResourceHttpRequestHandler     : Resource not found
2025-11-20 10:25:12.621 DEBUG 100487 --- [nio-8085-exec-8] o.s.web.servlet.DispatcherServlet        : Completed 404 NOT_FOUND
2025-11-20 10:25:12.623 DEBUG 100487 --- [nio-8085-exec-8] o.s.web.servlet.DispatcherServlet        : "ERROR" dispatch for GET "/error", parameters={}
2025-11-20 10:25:12.625 DEBUG 100487 --- [nio-8085-exec-8] s.w.s.m.m.a.RequestMappingHandlerMapping : Mapped to org.springframework.boot.autoconfigure.web.servlet.error.BasicErrorController#error(HttpServletRequest)
2025-11-20 10:25:12.627 DEBUG 100487 --- [nio-8085-exec-8] o.s.w.s.m.m.a.HttpEntityMethodProcessor  : Using 'application/json;q=0.5', given [image/avif, image/webp, image/png, image/svg+xml, image/*;q=0.8, */*;q=0.5] and supported [application/json, application/*+json, application/json, application/*+json]
2025-11-20 10:25:12.628 DEBUG 100487 --- [nio-8085-exec-8] o.s.w.s.m.m.a.HttpEntityMethodProcessor  : Writing [{timestamp=Thu Nov 20 10:25:12 CST 2025, status=404, error=Not Found, path=/favicon.ico}]
2025-11-20 10:25:12.896 DEBUG 100487 --- [nio-8085-exec-8] o.s.web.servlet.DispatcherServlet        : Exiting from "ERROR" dispatch, status 404
2025-11-20 10:25:59.110 DEBUG 100487 --- [nio-8085-exec-7] o.s.web.servlet.DispatcherServlet        : GET "/", parameters={}
2025-11-20 10:25:59.119 DEBUG 100487 --- [nio-8085-exec-7] o.s.w.s.handler.SimpleUrlHandlerMapping  : Mapped to ResourceHttpRequestHandler [classpath [META-INF/resources/], classpath [resources/], classpath [static/], classpath [public/], ServletContext [/]]
2025-11-20 10:25:59.120 DEBUG 100487 --- [nio-8085-exec-7] o.s.w.s.r.ResourceHttpRequestHandler     : Resource not found
2025-11-20 10:25:59.120 DEBUG 100487 --- [nio-8085-exec-7] o.s.web.servlet.DispatcherServlet        : Completed 404 NOT_FOUND
2025-11-20 10:25:59.122 DEBUG 100487 --- [nio-8085-exec-7] o.s.web.servlet.DispatcherServlet        : "ERROR" dispatch for GET "/error", parameters={}
2025-11-20 10:25:59.124 DEBUG 100487 --- [nio-8085-exec-7] s.w.s.m.m.a.RequestMappingHandlerMapping : Mapped to org.springframework.boot.autoconfigure.web.servlet.error.BasicErrorController#errorHtml(HttpServletRequest, HttpServletResponse)
2025-11-20 10:25:59.127 DEBUG 100487 --- [nio-8085-exec-7] o.s.w.s.v.ContentNegotiatingViewResolver : Selected 'text/html' given [text/html, text/html;q=0.8]
2025-11-20 10:25:59.128 DEBUG 100487 --- [nio-8085-exec-7] o.s.web.servlet.DispatcherServlet        : Exiting from "ERROR" dispatch, status 404
2025-11-20 10:26:08.980 DEBUG 100487 --- [nio-8085-exec-6] o.s.web.servlet.DispatcherServlet        : POST "/api/courses", parameters={}
2025-11-20 10:26:08.982 DEBUG 100487 --- [nio-8085-exec-6] s.w.s.m.m.a.RequestMappingHandlerMapping : Mapped to com.zjsu.course.controller.CourseController#createCourse(Course)
2025-11-20 10:26:09.222 DEBUG 100487 --- [nio-8085-exec-6] m.m.a.RequestResponseBodyMethodProcessor : Read "application/json;charset=UTF-8" to [com.zjsu.course.model.Course@2f84b0fa]
2025-11-20 10:26:09.342 DEBUG 100487 --- [nio-8085-exec-6] org.hibernate.SQL                        : select course0_.id as id1_0_, course0_.capacity as capacity2_0_, course0_.code as code3_0_, course0_.created_at as created_4_0_, course0_.enrolled as enrolled5_0_, course0_.instructor_email as instruct6_0_, course0_.instructor_id as instruct7_0_, course0_.instructor_name as instruct8_0_, course0_.schedule_day_of_week as schedule9_0_, course0_.schedule_end_time as schedul10_0_, course0_.schedule_expected_attendance as schedul11_0_, course0_.schedule_start_time as schedul12_0_, course0_.title as title13_0_ from courses course0_ where course0_.code=?
Hibernate: select course0_.id as id1_0_, course0_.capacity as capacity2_0_, course0_.code as code3_0_, course0_.created_at as created_4_0_, course0_.enrolled as enrolled5_0_, course0_.instructor_email as instruct6_0_, course0_.instructor_id as instruct7_0_, course0_.instructor_name as instruct8_0_, course0_.schedule_day_of_week as schedule9_0_, course0_.schedule_end_time as schedul10_0_, course0_.schedule_expected_attendance as schedul11_0_, course0_.schedule_start_time as schedul12_0_, course0_.title as title13_0_ from courses course0_ where course0_.code=?
2025-11-20 10:26:09.523 DEBUG 100487 --- [nio-8085-exec-6] org.hibernate.SQL                        : select course0_.id as id1_0_0_, course0_.capacity as capacity2_0_0_, course0_.code as code3_0_0_, course0_.created_at as created_4_0_0_, course0_.enrolled as enrolled5_0_0_, course0_.instructor_email as instruct6_0_0_, course0_.instructor_id as instruct7_0_0_, course0_.instructor_name as instruct8_0_0_, course0_.schedule_day_of_week as schedule9_0_0_, course0_.schedule_end_time as schedul10_0_0_, course0_.schedule_expected_attendance as schedul11_0_0_, course0_.schedule_start_time as schedul12_0_0_, course0_.title as title13_0_0_ from courses course0_ where course0_.id=?
Hibernate: select course0_.id as id1_0_0_, course0_.capacity as capacity2_0_0_, course0_.code as code3_0_0_, course0_.created_at as created_4_0_0_, course0_.enrolled as enrolled5_0_0_, course0_.instructor_email as instruct6_0_0_, course0_.instructor_id as instruct7_0_0_, course0_.instructor_name as instruct8_0_0_, course0_.schedule_day_of_week as schedule9_0_0_, course0_.schedule_end_time as schedul10_0_0_, course0_.schedule_expected_attendance as schedul11_0_0_, course0_.schedule_start_time as schedul12_0_0_, course0_.title as title13_0_0_ from courses course0_ where course0_.id=?
2025-11-20 10:26:09.819 DEBUG 100487 --- [nio-8085-exec-6] org.hibernate.SQL                        : insert into courses (capacity, code, created_at, enrolled, instructor_email, instructor_id, instructor_name, schedule_day_of_week, schedule_end_time, schedule_expected_attendance, schedule_start_time, title, id) values (?, ?, ?, ?, ?, ?, ?, ?, ?, ?, ?, ?, ?)
Hibernate: insert into courses (capacity, code, created_at, enrolled, instructor_email, instructor_id, instructor_name, schedule_day_of_week, schedule_end_time, schedule_expected_attendance, schedule_start_time, title, id) values (?, ?, ?, ?, ?, ?, ?, ?, ?, ?, ?, ?, ?)
2025-11-20 10:26:10.020 DEBUG 100487 --- [nio-8085-exec-6] o.s.w.s.m.m.a.HttpEntityMethodProcessor  : Using 'application/json', given [*/*] and supported [application/json, application/*+json, application/json, application/*+json]
2025-11-20 10:26:10.021 DEBUG 100487 --- [nio-8085-exec-6] o.s.w.s.m.m.a.HttpEntityMethodProcessor  : Writing [com.zjsu.course.common.ApiResponse@6fb8c503]
2025-11-20 10:26:10.045 DEBUG 100487 --- [nio-8085-exec-6] o.s.web.servlet.DispatcherServlet        : Completed 201 CREATED
2025-11-20 10:27:06.202 DEBUG 100487 --- [nio-8085-exec-9] o.s.web.servlet.DispatcherServlet        : GET "/api/courses/18f1b333-5b30-4426-a6d5-86a6f10b6d5c", parameters={}
2025-11-20 10:27:06.241 DEBUG 100487 --- [nio-8085-exec-9] s.w.s.m.m.a.RequestMappingHandlerMapping : Mapped to com.zjsu.course.controller.CourseController#getCourseById(String)
2025-11-20 10:27:06.396 DEBUG 100487 --- [nio-8085-exec-9] org.hibernate.SQL                        : select course0_.id as id1_0_0_, course0_.capacity as capacity2_0_0_, course0_.code as code3_0_0_, course0_.created_at as created_4_0_0_, course0_.enrolled as enrolled5_0_0_, course0_.instructor_email as instruct6_0_0_, course0_.instructor_id as instruct7_0_0_, course0_.instructor_name as instruct8_0_0_, course0_.schedule_day_of_week as schedule9_0_0_, course0_.schedule_end_time as schedul10_0_0_, course0_.schedule_expected_attendance as schedul11_0_0_, course0_.schedule_start_time as schedul12_0_0_, course0_.title as title13_0_0_ from courses course0_ where course0_.id=?
Hibernate: select course0_.id as id1_0_0_, course0_.capacity as capacity2_0_0_, course0_.code as code3_0_0_, course0_.created_at as created_4_0_0_, course0_.enrolled as enrolled5_0_0_, course0_.instructor_email as instruct6_0_0_, course0_.instructor_id as instruct7_0_0_, course0_.instructor_name as instruct8_0_0_, course0_.schedule_day_of_week as schedule9_0_0_, course0_.schedule_end_time as schedul10_0_0_, course0_.schedule_expected_attendance as schedul11_0_0_, course0_.schedule_start_time as schedul12_0_0_, course0_.title as title13_0_0_ from courses course0_ where course0_.id=?
2025-11-20 10:27:06.658 DEBUG 100487 --- [nio-8085-exec-9] o.s.w.s.m.m.a.HttpEntityMethodProcessor  : Using 'application/json', given [application/json, application/*+json] and supported [application/json, application/*+json, application/json, application/*+json]
2025-11-20 10:27:06.660 DEBUG 100487 --- [nio-8085-exec-9] o.s.w.s.m.m.a.HttpEntityMethodProcessor  : Writing [com.zjsu.course.common.ApiResponse@2b626231]
2025-11-20 10:27:06.688 DEBUG 100487 --- [nio-8085-exec-9] o.s.web.servlet.DispatcherServlet        : Completed 200 OK
2025-11-20 10:27:06.948 DEBUG 100487 --- [nio-8085-exec-1] o.s.web.servlet.DispatcherServlet        : PUT "/api/courses/18f1b333-5b30-4426-a6d5-86a6f10b6d5c", parameters={}
2025-11-20 10:27:06.952 DEBUG 100487 --- [nio-8085-exec-1] s.w.s.m.m.a.RequestMappingHandlerMapping : Mapped to com.zjsu.course.controller.CourseController#updateCourse(String, Map)
2025-11-20 10:27:07.055 DEBUG 100487 --- [nio-8085-exec-1] m.m.a.RequestResponseBodyMethodProcessor : Read "application/json;charset=UTF-8" to [{enrolled=1}]
2025-11-20 10:27:07.060 DEBUG 100487 --- [nio-8085-exec-1] org.hibernate.SQL                        : select course0_.id as id1_0_0_, course0_.capacity as capacity2_0_0_, course0_.code as code3_0_0_, course0_.created_at as created_4_0_0_, course0_.enrolled as enrolled5_0_0_, course0_.instructor_email as instruct6_0_0_, course0_.instructor_id as instruct7_0_0_, course0_.instructor_name as instruct8_0_0_, course0_.schedule_day_of_week as schedule9_0_0_, course0_.schedule_end_time as schedul10_0_0_, course0_.schedule_expected_attendance as schedul11_0_0_, course0_.schedule_start_time as schedul12_0_0_, course0_.title as title13_0_0_ from courses course0_ where course0_.id=?
Hibernate: select course0_.id as id1_0_0_, course0_.capacity as capacity2_0_0_, course0_.code as code3_0_0_, course0_.created_at as created_4_0_0_, course0_.enrolled as enrolled5_0_0_, course0_.instructor_email as instruct6_0_0_, course0_.instructor_id as instruct7_0_0_, course0_.instructor_name as instruct8_0_0_, course0_.schedule_day_of_week as schedule9_0_0_, course0_.schedule_end_time as schedul10_0_0_, course0_.schedule_expected_attendance as schedul11_0_0_, course0_.schedule_start_time as schedul12_0_0_, course0_.title as title13_0_0_ from courses course0_ where course0_.id=?
2025-11-20 10:27:07.066 DEBUG 100487 --- [nio-8085-exec-1] org.hibernate.SQL                        : update courses set capacity=?, code=?, created_at=?, enrolled=?, instructor_email=?, instructor_id=?, instructor_name=?, schedule_day_of_week=?, schedule_end_time=?, schedule_expected_attendance=?, schedule_start_time=?, title=? where id=?
Hibernate: update courses set capacity=?, code=?, created_at=?, enrolled=?, instructor_email=?, instructor_id=?, instructor_name=?, schedule_day_of_week=?, schedule_end_time=?, schedule_expected_attendance=?, schedule_start_time=?, title=? where id=?
2025-11-20 10:27:07.142 DEBUG 100487 --- [nio-8085-exec-1] o.s.w.s.m.m.a.HttpEntityMethodProcessor  : Using 'application/json', given [*/*] and supported [application/json, application/*+json, application/json, application/*+json]
2025-11-20 10:27:07.143 DEBUG 100487 --- [nio-8085-exec-1] o.s.w.s.m.m.a.HttpEntityMethodProcessor  : Writing [com.zjsu.course.common.ApiResponse@53108c48]
2025-11-20 10:27:07.155 DEBUG 100487 --- [nio-8085-exec-1] o.s.web.servlet.DispatcherServlet        : Completed 200 OK
2025-11-20 10:27:18.885 DEBUG 100487 --- [nio-8085-exec-2] o.s.web.servlet.DispatcherServlet        : GET "/api/courses/18f1b333-5b30-4426-a6d5-86a6f10b6d5c", parameters={}
2025-11-20 10:27:18.891 DEBUG 100487 --- [nio-8085-exec-2] s.w.s.m.m.a.RequestMappingHandlerMapping : Mapped to com.zjsu.course.controller.CourseController#getCourseById(String)
2025-11-20 10:27:18.894 DEBUG 100487 --- [nio-8085-exec-2] org.hibernate.SQL                        : select course0_.id as id1_0_0_, course0_.capacity as capacity2_0_0_, course0_.code as code3_0_0_, course0_.created_at as created_4_0_0_, course0_.enrolled as enrolled5_0_0_, course0_.instructor_email as instruct6_0_0_, course0_.instructor_id as instruct7_0_0_, course0_.instructor_name as instruct8_0_0_, course0_.schedule_day_of_week as schedule9_0_0_, course0_.schedule_end_time as schedul10_0_0_, course0_.schedule_expected_attendance as schedul11_0_0_, course0_.schedule_start_time as schedul12_0_0_, course0_.title as title13_0_0_ from courses course0_ where course0_.id=?
Hibernate: select course0_.id as id1_0_0_, course0_.capacity as capacity2_0_0_, course0_.code as code3_0_0_, course0_.created_at as created_4_0_0_, course0_.enrolled as enrolled5_0_0_, course0_.instructor_email as instruct6_0_0_, course0_.instructor_id as instruct7_0_0_, course0_.instructor_name as instruct8_0_0_, course0_.schedule_day_of_week as schedule9_0_0_, course0_.schedule_end_time as schedul10_0_0_, course0_.schedule_expected_attendance as schedul11_0_0_, course0_.schedule_start_time as schedul12_0_0_, course0_.title as title13_0_0_ from courses course0_ where course0_.id=?
2025-11-20 10:27:18.907 DEBUG 100487 --- [nio-8085-exec-2] o.s.w.s.m.m.a.HttpEntityMethodProcessor  : Using 'application/json', given [*/*] and supported [application/json, application/*+json, application/json, application/*+json]
2025-11-20 10:27:18.908 DEBUG 100487 --- [nio-8085-exec-2] o.s.w.s.m.m.a.HttpEntityMethodProcessor  : Writing [com.zjsu.course.common.ApiResponse@49cd1e57]
2025-11-20 10:27:18.909 DEBUG 100487 --- [nio-8085-exec-2] o.s.web.servlet.DispatcherServlet        : Completed 200 OK
2025-11-20 10:27:37.159 DEBUG 100487 --- [nio-8085-exec-4] o.s.web.servlet.DispatcherServlet        : GET "/api/courses/18f1b333-5b30-4426-a6d5-86a6f10b6d5c", parameters={}
2025-11-20 10:27:37.168 DEBUG 100487 --- [nio-8085-exec-4] s.w.s.m.m.a.RequestMappingHandlerMapping : Mapped to com.zjsu.course.controller.CourseController#getCourseById(String)
2025-11-20 10:27:37.180 DEBUG 100487 --- [nio-8085-exec-4] org.hibernate.SQL                        : select course0_.id as id1_0_0_, course0_.capacity as capacity2_0_0_, course0_.code as code3_0_0_, course0_.created_at as created_4_0_0_, course0_.enrolled as enrolled5_0_0_, course0_.instructor_email as instruct6_0_0_, course0_.instructor_id as instruct7_0_0_, course0_.instructor_name as instruct8_0_0_, course0_.schedule_day_of_week as schedule9_0_0_, course0_.schedule_end_time as schedul10_0_0_, course0_.schedule_expected_attendance as schedul11_0_0_, course0_.schedule_start_time as schedul12_0_0_, course0_.title as title13_0_0_ from courses course0_ where course0_.id=?
Hibernate: select course0_.id as id1_0_0_, course0_.capacity as capacity2_0_0_, course0_.code as code3_0_0_, course0_.created_at as created_4_0_0_, course0_.enrolled as enrolled5_0_0_, course0_.instructor_email as instruct6_0_0_, course0_.instructor_id as instruct7_0_0_, course0_.instructor_name as instruct8_0_0_, course0_.schedule_day_of_week as schedule9_0_0_, course0_.schedule_end_time as schedul10_0_0_, course0_.schedule_expected_attendance as schedul11_0_0_, course0_.schedule_start_time as schedul12_0_0_, course0_.title as title13_0_0_ from courses course0_ where course0_.id=?
2025-11-20 10:27:37.210 DEBUG 100487 --- [nio-8085-exec-4] o.s.w.s.m.m.a.HttpEntityMethodProcessor  : Using 'application/json;q=0.8', given [text/html, application/xhtml+xml, application/xml;q=0.9, */*;q=0.8] and supported [application/json, application/*+json, application/json, application/*+json]
2025-11-20 10:27:37.211 DEBUG 100487 --- [nio-8085-exec-4] o.s.w.s.m.m.a.HttpEntityMethodProcessor  : Writing [com.zjsu.course.common.ApiResponse@5ec71b3f]
2025-11-20 10:27:37.225 DEBUG 100487 --- [nio-8085-exec-4] o.s.web.servlet.DispatcherServlet        : Completed 200 OK
2025-11-20 10:27:37.754 DEBUG 100487 --- [nio-8085-exec-5] o.s.web.servlet.DispatcherServlet        : GET "/api/courses/18f1b333-5b30-4426-a6d5-86a6f10b6d5c", parameters={}
2025-11-20 10:27:37.758 DEBUG 100487 --- [nio-8085-exec-5] s.w.s.m.m.a.RequestMappingHandlerMapping : Mapped to com.zjsu.course.controller.CourseController#getCourseById(String)
2025-11-20 10:27:37.759 DEBUG 100487 --- [nio-8085-exec-5] org.hibernate.SQL                        : select course0_.id as id1_0_0_, course0_.capacity as capacity2_0_0_, course0_.code as code3_0_0_, course0_.created_at as created_4_0_0_, course0_.enrolled as enrolled5_0_0_, course0_.instructor_email as instruct6_0_0_, course0_.instructor_id as instruct7_0_0_, course0_.instructor_name as instruct8_0_0_, course0_.schedule_day_of_week as schedule9_0_0_, course0_.schedule_end_time as schedul10_0_0_, course0_.schedule_expected_attendance as schedul11_0_0_, course0_.schedule_start_time as schedul12_0_0_, course0_.title as title13_0_0_ from courses course0_ where course0_.id=?
Hibernate: select course0_.id as id1_0_0_, course0_.capacity as capacity2_0_0_, course0_.code as code3_0_0_, course0_.created_at as created_4_0_0_, course0_.enrolled as enrolled5_0_0_, course0_.instructor_email as instruct6_0_0_, course0_.instructor_id as instruct7_0_0_, course0_.instructor_name as instruct8_0_0_, course0_.schedule_day_of_week as schedule9_0_0_, course0_.schedule_end_time as schedul10_0_0_, course0_.schedule_expected_attendance as schedul11_0_0_, course0_.schedule_start_time as schedul12_0_0_, course0_.title as title13_0_0_ from courses course0_ where course0_.id=?
2025-11-20 10:27:37.768 DEBUG 100487 --- [nio-8085-exec-5] o.s.w.s.m.m.a.HttpEntityMethodProcessor  : Using 'application/json;q=0.8', given [text/html, application/xhtml+xml, application/xml;q=0.9, */*;q=0.8] and supported [application/json, application/*+json, application/json, application/*+json]
2025-11-20 10:27:37.769 DEBUG 100487 --- [nio-8085-exec-5] o.s.w.s.m.m.a.HttpEntityMethodProcessor  : Writing [com.zjsu.course.common.ApiResponse@642b1d80]
2025-11-20 10:27:37.773 DEBUG 100487 --- [nio-8085-exec-5] o.s.web.servlet.DispatcherServlet        : Completed 200 OK
2025-11-20 10:27:37.814 DEBUG 100487 --- [nio-8085-exec-8] o.s.web.servlet.DispatcherServlet        : GET "/favicon.ico", parameters={}
2025-11-20 10:27:37.821 DEBUG 100487 --- [nio-8085-exec-8] o.s.w.s.handler.SimpleUrlHandlerMapping  : Mapped to ResourceHttpRequestHandler [classpath [META-INF/resources/], classpath [resources/], classpath [static/], classpath [public/], ServletContext [/]]
2025-11-20 10:27:37.855 DEBUG 100487 --- [nio-8085-exec-8] o.s.w.s.r.ResourceHttpRequestHandler     : Resource not found
2025-11-20 10:27:37.861 DEBUG 100487 --- [nio-8085-exec-8] o.s.web.servlet.DispatcherServlet        : Completed 404 NOT_FOUND
2025-11-20 10:27:37.871 DEBUG 100487 --- [nio-8085-exec-8] o.s.web.servlet.DispatcherServlet        : "ERROR" dispatch for GET "/error", parameters={}
2025-11-20 10:27:37.881 DEBUG 100487 --- [nio-8085-exec-8] s.w.s.m.m.a.RequestMappingHandlerMapping : Mapped to org.springframework.boot.autoconfigure.web.servlet.error.BasicErrorController#error(HttpServletRequest)
2025-11-20 10:27:37.904 DEBUG 100487 --- [nio-8085-exec-8] o.s.w.s.m.m.a.HttpEntityMethodProcessor  : Using 'application/json;q=0.5', given [image/avif, image/webp, image/png, image/svg+xml, image/*;q=0.8, */*;q=0.5] and supported [application/json, application/*+json, application/json, application/*+json]
2025-11-20 10:27:37.909 DEBUG 100487 --- [nio-8085-exec-8] o.s.w.s.m.m.a.HttpEntityMethodProcessor  : Writing [{timestamp=Thu Nov 20 10:27:37 CST 2025, status=404, error=Not Found, path=/favicon.ico}]
2025-11-20 10:27:37.951 DEBUG 100487 --- [nio-8085-exec-8] o.s.web.servlet.DispatcherServlet        : Exiting from "ERROR" dispatch, status 404
2025-11-20 10:27:38.014 DEBUG 100487 --- [nio-8085-exec-7] o.s.web.servlet.DispatcherServlet        : GET "/favicon.ico", parameters={}
2025-11-20 10:27:38.027 DEBUG 100487 --- [nio-8085-exec-7] o.s.w.s.handler.SimpleUrlHandlerMapping  : Mapped to ResourceHttpRequestHandler [classpath [META-INF/resources/], classpath [resources/], classpath [static/], classpath [public/], ServletContext [/]]
2025-11-20 10:27:38.033 DEBUG 100487 --- [nio-8085-exec-7] o.s.w.s.r.ResourceHttpRequestHandler     : Resource not found
2025-11-20 10:27:38.033 DEBUG 100487 --- [nio-8085-exec-7] o.s.web.servlet.DispatcherServlet        : Completed 404 NOT_FOUND
2025-11-20 10:27:38.037 DEBUG 100487 --- [nio-8085-exec-7] o.s.web.servlet.DispatcherServlet        : "ERROR" dispatch for GET "/error", parameters={}
2025-11-20 10:27:38.046 DEBUG 100487 --- [nio-8085-exec-7] s.w.s.m.m.a.RequestMappingHandlerMapping : Mapped to org.springframework.boot.autoconfigure.web.servlet.error.BasicErrorController#error(HttpServletRequest)
2025-11-20 10:27:38.058 DEBUG 100487 --- [nio-8085-exec-7] o.s.w.s.m.m.a.HttpEntityMethodProcessor  : Using 'application/json;q=0.5', given [image/avif, image/webp, image/png, image/svg+xml, image/*;q=0.8, */*;q=0.5] and supported [application/json, application/*+json, application/json, application/*+json]
2025-11-20 10:27:38.063 DEBUG 100487 --- [nio-8085-exec-7] o.s.w.s.m.m.a.HttpEntityMethodProcessor  : Writing [{timestamp=Thu Nov 20 10:27:38 CST 2025, status=404, error=Not Found, path=/favicon.ico}]
2025-11-20 10:27:38.074 DEBUG 100487 --- [nio-8085-exec-7] o.s.web.servlet.DispatcherServlet        : Exiting from "ERROR" dispatch, status 404
2025-11-20 10:27:38.291 DEBUG 100487 --- [nio-8085-exec-6] o.s.web.servlet.DispatcherServlet        : GET "/api/courses/18f1b333-5b30-4426-a6d5-86a6f10b6d5c", parameters={}
2025-11-20 10:27:38.301 DEBUG 100487 --- [nio-8085-exec-6] s.w.s.m.m.a.RequestMappingHandlerMapping : Mapped to com.zjsu.course.controller.CourseController#getCourseById(String)
2025-11-20 10:27:38.313 DEBUG 100487 --- [nio-8085-exec-6] org.hibernate.SQL                        : select course0_.id as id1_0_0_, course0_.capacity as capacity2_0_0_, course0_.code as code3_0_0_, course0_.created_at as created_4_0_0_, course0_.enrolled as enrolled5_0_0_, course0_.instructor_email as instruct6_0_0_, course0_.instructor_id as instruct7_0_0_, course0_.instructor_name as instruct8_0_0_, course0_.schedule_day_of_week as schedule9_0_0_, course0_.schedule_end_time as schedul10_0_0_, course0_.schedule_expected_attendance as schedul11_0_0_, course0_.schedule_start_time as schedul12_0_0_, course0_.title as title13_0_0_ from courses course0_ where course0_.id=?
Hibernate: select course0_.id as id1_0_0_, course0_.capacity as capacity2_0_0_, course0_.code as code3_0_0_, course0_.created_at as created_4_0_0_, course0_.enrolled as enrolled5_0_0_, course0_.instructor_email as instruct6_0_0_, course0_.instructor_id as instruct7_0_0_, course0_.instructor_name as instruct8_0_0_, course0_.schedule_day_of_week as schedule9_0_0_, course0_.schedule_end_time as schedul10_0_0_, course0_.schedule_expected_attendance as schedul11_0_0_, course0_.schedule_start_time as schedul12_0_0_, course0_.title as title13_0_0_ from courses course0_ where course0_.id=?
2025-11-20 10:27:38.419 DEBUG 100487 --- [nio-8085-exec-6] o.s.w.s.m.m.a.HttpEntityMethodProcessor  : Using 'application/json;q=0.8', given [text/html, application/xhtml+xml, application/xml;q=0.9, */*;q=0.8] and supported [application/json, application/*+json, application/json, application/*+json]
2025-11-20 10:27:38.423 DEBUG 100487 --- [nio-8085-exec-6] o.s.w.s.m.m.a.HttpEntityMethodProcessor  : Writing [com.zjsu.course.common.ApiResponse@4fad2ca9]
2025-11-20 10:27:38.466 DEBUG 100487 --- [nio-8085-exec-6] o.s.web.servlet.DispatcherServlet        : Completed 200 OK
2025-11-20 10:27:39.524 DEBUG 100487 --- [io-8085-exec-10] o.s.web.servlet.DispatcherServlet        : GET "/favicon.ico", parameters={}
2025-11-20 10:27:39.532 DEBUG 100487 --- [io-8085-exec-10] o.s.w.s.handler.SimpleUrlHandlerMapping  : Mapped to ResourceHttpRequestHandler [classpath [META-INF/resources/], classpath [resources/], classpath [static/], classpath [public/], ServletContext [/]]
2025-11-20 10:27:39.536 DEBUG 100487 --- [io-8085-exec-10] o.s.w.s.r.ResourceHttpRequestHandler     : Resource not found
2025-11-20 10:27:39.536 DEBUG 100487 --- [io-8085-exec-10] o.s.web.servlet.DispatcherServlet        : Completed 404 NOT_FOUND
2025-11-20 10:27:39.537 DEBUG 100487 --- [io-8085-exec-10] o.s.web.servlet.DispatcherServlet        : "ERROR" dispatch for GET "/error", parameters={}
2025-11-20 10:27:39.540 DEBUG 100487 --- [io-8085-exec-10] s.w.s.m.m.a.RequestMappingHandlerMapping : Mapped to org.springframework.boot.autoconfigure.web.servlet.error.BasicErrorController#error(HttpServletRequest)
2025-11-20 10:27:39.545 DEBUG 100487 --- [io-8085-exec-10] o.s.w.s.m.m.a.HttpEntityMethodProcessor  : Using 'application/json;q=0.5', given [image/avif, image/webp, image/png, image/svg+xml, image/*;q=0.8, */*;q=0.5] and supported [application/json, application/*+json, application/json, application/*+json]
2025-11-20 10:27:39.545 DEBUG 100487 --- [io-8085-exec-10] o.s.w.s.m.m.a.HttpEntityMethodProcessor  : Writing [{timestamp=Thu Nov 20 10:27:39 CST 2025, status=404, error=Not Found, path=/favicon.ico}]
2025-11-20 10:27:39.552 DEBUG 100487 --- [io-8085-exec-10] o.s.web.servlet.DispatcherServlet        : Exiting from "ERROR" dispatch, status 404
2025-11-20 10:31:12.685 DEBUG 100487 --- [nio-8085-exec-2] o.s.web.servlet.DispatcherServlet        : GET "/api/courses/18f1b333-5b30-4426-a6d5-86a6f10b6d5c", parameters={}
2025-11-20 10:31:12.690 DEBUG 100487 --- [nio-8085-exec-2] s.w.s.m.m.a.RequestMappingHandlerMapping : Mapped to com.zjsu.course.controller.CourseController#getCourseById(String)
2025-11-20 10:31:12.715 DEBUG 100487 --- [nio-8085-exec-2] org.hibernate.SQL                        : select course0_.id as id1_0_0_, course0_.capacity as capacity2_0_0_, course0_.code as code3_0_0_, course0_.created_at as created_4_0_0_, course0_.enrolled as enrolled5_0_0_, course0_.instructor_email as instruct6_0_0_, course0_.instructor_id as instruct7_0_0_, course0_.instructor_name as instruct8_0_0_, course0_.schedule_day_of_week as schedule9_0_0_, course0_.schedule_end_time as schedul10_0_0_, course0_.schedule_expected_attendance as schedul11_0_0_, course0_.schedule_start_time as schedul12_0_0_, course0_.title as title13_0_0_ from courses course0_ where course0_.id=?
Hibernate: select course0_.id as id1_0_0_, course0_.capacity as capacity2_0_0_, course0_.code as code3_0_0_, course0_.created_at as created_4_0_0_, course0_.enrolled as enrolled5_0_0_, course0_.instructor_email as instruct6_0_0_, course0_.instructor_id as instruct7_0_0_, course0_.instructor_name as instruct8_0_0_, course0_.schedule_day_of_week as schedule9_0_0_, course0_.schedule_end_time as schedul10_0_0_, course0_.schedule_expected_attendance as schedul11_0_0_, course0_.schedule_start_time as schedul12_0_0_, course0_.title as title13_0_0_ from courses course0_ where course0_.id=?
2025-11-20 10:31:12.729 DEBUG 100487 --- [nio-8085-exec-2] o.s.w.s.m.m.a.HttpEntityMethodProcessor  : Using 'application/json;q=0.8', given [text/html, application/xhtml+xml, application/xml;q=0.9, */*;q=0.8] and supported [application/json, application/*+json, application/json, application/*+json]
2025-11-20 10:31:12.732 DEBUG 100487 --- [nio-8085-exec-2] o.s.w.s.m.m.a.HttpEntityMethodProcessor  : Writing [com.zjsu.course.common.ApiResponse@64db4c68]
2025-11-20 10:31:12.748 DEBUG 100487 --- [nio-8085-exec-2] o.s.web.servlet.DispatcherServlet        : Completed 200 OK
2025-11-20 10:31:12.807 DEBUG 100487 --- [nio-8085-exec-3] o.s.web.servlet.DispatcherServlet        : GET "/favicon.ico", parameters={}
2025-11-20 10:31:12.812 DEBUG 100487 --- [nio-8085-exec-3] o.s.w.s.handler.SimpleUrlHandlerMapping  : Mapped to ResourceHttpRequestHandler [classpath [META-INF/resources/], classpath [resources/], classpath [static/], classpath [public/], ServletContext [/]]
2025-11-20 10:31:12.826 DEBUG 100487 --- [nio-8085-exec-3] o.s.w.s.r.ResourceHttpRequestHandler     : Resource not found
2025-11-20 10:31:12.830 DEBUG 100487 --- [nio-8085-exec-3] o.s.web.servlet.DispatcherServlet        : Completed 404 NOT_FOUND
2025-11-20 10:31:12.833 DEBUG 100487 --- [nio-8085-exec-3] o.s.web.servlet.DispatcherServlet        : "ERROR" dispatch for GET "/error", parameters={}
2025-11-20 10:31:12.836 DEBUG 100487 --- [nio-8085-exec-3] s.w.s.m.m.a.RequestMappingHandlerMapping : Mapped to org.springframework.boot.autoconfigure.web.servlet.error.BasicErrorController#error(HttpServletRequest)
2025-11-20 10:31:12.845 DEBUG 100487 --- [nio-8085-exec-3] o.s.w.s.m.m.a.HttpEntityMethodProcessor  : Using 'application/json;q=0.5', given [image/avif, image/webp, image/png, image/svg+xml, image/*;q=0.8, */*;q=0.5] and supported [application/json, application/*+json, application/json, application/*+json]
2025-11-20 10:31:12.848 DEBUG 100487 --- [nio-8085-exec-3] o.s.w.s.m.m.a.HttpEntityMethodProcessor  : Writing [{timestamp=Thu Nov 20 10:31:12 CST 2025, status=404, error=Not Found, path=/favicon.ico}]
2025-11-20 10:31:12.853 DEBUG 100487 --- [nio-8085-exec-3] o.s.web.servlet.DispatcherServlet        : Exiting from "ERROR" dispatch, status 404
2025-11-20 10:33:00.137  WARN 100487 --- [l-1 housekeeper] com.zaxxer.hikari.pool.HikariPool        : HikariPool-1 - Thread starvation or clock leap detected (housekeeper delta=47s481ms274µs176ns).
2025-11-20 10:35:49.641 DEBUG 100487 --- [nio-8085-exec-8] o.s.web.servlet.DispatcherServlet        : GET "/api/courses/00000000-0000-0000-0000-000000000000", parameters={}
2025-11-20 10:35:49.646 DEBUG 100487 --- [nio-8085-exec-8] s.w.s.m.m.a.RequestMappingHandlerMapping : Mapped to com.zjsu.course.controller.CourseController#getCourseById(String)
2025-11-20 10:35:49.652 DEBUG 100487 --- [nio-8085-exec-8] org.hibernate.SQL                        : select course0_.id as id1_0_0_, course0_.capacity as capacity2_0_0_, course0_.code as code3_0_0_, course0_.created_at as created_4_0_0_, course0_.enrolled as enrolled5_0_0_, course0_.instructor_email as instruct6_0_0_, course0_.instructor_id as instruct7_0_0_, course0_.instructor_name as instruct8_0_0_, course0_.schedule_day_of_week as schedule9_0_0_, course0_.schedule_end_time as schedul10_0_0_, course0_.schedule_expected_attendance as schedul11_0_0_, course0_.schedule_start_time as schedul12_0_0_, course0_.title as title13_0_0_ from courses course0_ where course0_.id=?
Hibernate: select course0_.id as id1_0_0_, course0_.capacity as capacity2_0_0_, course0_.code as code3_0_0_, course0_.created_at as created_4_0_0_, course0_.enrolled as enrolled5_0_0_, course0_.instructor_email as instruct6_0_0_, course0_.instructor_id as instruct7_0_0_, course0_.instructor_name as instruct8_0_0_, course0_.schedule_day_of_week as schedule9_0_0_, course0_.schedule_end_time as schedul10_0_0_, course0_.schedule_expected_attendance as schedul11_0_0_, course0_.schedule_start_time as schedul12_0_0_, course0_.title as title13_0_0_ from courses course0_ where course0_.id=?
2025-11-20 10:35:49.675 DEBUG 100487 --- [nio-8085-exec-8] org.hibernate.SQL                        : select course0_.id as id1_0_, course0_.capacity as capacity2_0_, course0_.code as code3_0_, course0_.created_at as created_4_0_, course0_.enrolled as enrolled5_0_, course0_.instructor_email as instruct6_0_, course0_.instructor_id as instruct7_0_, course0_.instructor_name as instruct8_0_, course0_.schedule_day_of_week as schedule9_0_, course0_.schedule_end_time as schedul10_0_, course0_.schedule_expected_attendance as schedul11_0_, course0_.schedule_start_time as schedul12_0_, course0_.title as title13_0_ from courses course0_ where course0_.code=?
Hibernate: select course0_.id as id1_0_, course0_.capacity as capacity2_0_, course0_.code as code3_0_, course0_.created_at as created_4_0_, course0_.enrolled as enrolled5_0_, course0_.instructor_email as instruct6_0_, course0_.instructor_id as instruct7_0_, course0_.instructor_name as instruct8_0_, course0_.schedule_day_of_week as schedule9_0_, course0_.schedule_end_time as schedul10_0_, course0_.schedule_expected_attendance as schedul11_0_, course0_.schedule_start_time as schedul12_0_, course0_.title as title13_0_ from courses course0_ where course0_.code=?
2025-11-20 10:35:49.707 DEBUG 100487 --- [nio-8085-exec-8] .m.m.a.ExceptionHandlerExceptionResolver : Using @ExceptionHandler com.zjsu.course.exception.GlobalExceptionHandler#handleResourceNotFound(ResourceNotFoundException)
2025-11-20 10:35:49.710 DEBUG 100487 --- [nio-8085-exec-8] o.s.w.s.m.m.a.HttpEntityMethodProcessor  : Using 'application/json', given [application/json, application/*+json] and supported [application/json, application/*+json, application/json, application/*+json]
2025-11-20 10:35:49.711 DEBUG 100487 --- [nio-8085-exec-8] o.s.w.s.m.m.a.HttpEntityMethodProcessor  : Writing [com.zjsu.course.common.ApiResponse@2a3f623a]
2025-11-20 10:35:49.716 DEBUG 100487 --- [nio-8085-exec-8] .m.m.a.ExceptionHandlerExceptionResolver : Resolved [com.zjsu.course.exception.ResourceNotFoundException: Course not found with id or code: 00000000-0000-0000-0000-000000000000]
2025-11-20 10:35:49.716 DEBUG 100487 --- [nio-8085-exec-8] o.s.web.servlet.DispatcherServlet        : Completed 404 NOT_FOUND
